<?xml version="1.0" encoding="UTF-8"?>
<testsuite name="test.pivotal.pal.tracker.users.UserControllerTest" tests="1" skipped="0" failures="0" errors="0" timestamp="2020-04-02T03:28:15" hostname="RABODEVOPS-7s-MacBook-Pro.local" time="0.038">
  <properties/>
  <testcase name="testShow" classname="test.pivotal.pal.tracker.users.UserControllerTest" time="0.038"/>
  <system-out><![CDATA[]]></system-out>
  <system-err><![CDATA[]]></system-err>
</testsuite>
