<?xml version="1.0" encoding="UTF-8"?>
<testsuite name="test.pivotal.pal.tracker.accounts.RegistrationControllerTest" tests="1" skipped="0" failures="0" errors="0" timestamp="2020-04-02T03:28:09" hostname="RABODEVOPS-7s-MacBook-Pro.local" time="0.001">
  <properties/>
  <testcase name="create" classname="test.pivotal.pal.tracker.accounts.RegistrationControllerTest" time="0.001"/>
  <system-out><![CDATA[]]></system-out>
  <system-err><![CDATA[]]></system-err>
</testsuite>
