<?xml version="1.0" encoding="UTF-8"?>
<testsuite name="test.pivotal.pal.tracker.accounts.RegistrationServiceTest" tests="1" skipped="0" failures="0" errors="0" timestamp="2020-04-03T07:54:35" hostname="RABODEVOPS-7s-MacBook-Pro.local" time="0.01">
  <properties/>
  <testcase name="testCreateUserWithAccount" classname="test.pivotal.pal.tracker.accounts.RegistrationServiceTest" time="0.01"/>
  <system-out><![CDATA[********************************
********************************22
]]></system-out>
  <system-err><![CDATA[]]></system-err>
</testsuite>
