<?xml version="1.0" encoding="UTF-8"?>
<testsuite name="test.pivotal.pal.tracker.projects.ProjectControllerTest" tests="4" skipped="0" failures="0" errors="0" timestamp="2020-04-03T04:14:55" hostname="RABODEVOPS-7s-MacBook-Pro.local" time="0.032">
  <properties/>
  <testcase name="testGet_WithNull" classname="test.pivotal.pal.tracker.projects.ProjectControllerTest" time="0.013"/>
  <testcase name="testGet" classname="test.pivotal.pal.tracker.projects.ProjectControllerTest" time="0.001"/>
  <testcase name="testList" classname="test.pivotal.pal.tracker.projects.ProjectControllerTest" time="0.001"/>
  <testcase name="testCreate" classname="test.pivotal.pal.tracker.projects.ProjectControllerTest" time="0.016"/>
  <system-out><![CDATA[]]></system-out>
  <system-err><![CDATA[]]></system-err>
</testsuite>
