<?xml version="1.0" encoding="UTF-8"?>
<testsuite name="test.pivotal.pal.tracker.projects.ProjectControllerTest" tests="4" skipped="0" failures="0" errors="0" timestamp="2020-04-02T03:28:13" hostname="RABODEVOPS-7s-MacBook-Pro.local" time="0.028">
  <properties/>
  <testcase name="testGet_WithNull" classname="test.pivotal.pal.tracker.projects.ProjectControllerTest" time="0.01"/>
  <testcase name="testGet" classname="test.pivotal.pal.tracker.projects.ProjectControllerTest" time="0.0"/>
  <testcase name="testList" classname="test.pivotal.pal.tracker.projects.ProjectControllerTest" time="0.0"/>
  <testcase name="testCreate" classname="test.pivotal.pal.tracker.projects.ProjectControllerTest" time="0.015"/>
  <system-out><![CDATA[]]></system-out>
  <system-err><![CDATA[]]></system-err>
</testsuite>
