<?xml version="1.0" encoding="UTF-8"?>
<testsuite name="test.pivotal.pal.tracker.timesheets.TimeEntryControllerTest" tests="3" skipped="0" failures="0" errors="0" timestamp="2020-04-02T03:28:14" hostname="RABODEVOPS-7s-MacBook-Pro.local" time="0.066">
  <properties/>
  <testcase name="testList" classname="test.pivotal.pal.tracker.timesheets.TimeEntryControllerTest" time="0.055"/>
  <testcase name="testCreate_WhenFailed" classname="test.pivotal.pal.tracker.timesheets.TimeEntryControllerTest" time="0.008"/>
  <testcase name="testCreate" classname="test.pivotal.pal.tracker.timesheets.TimeEntryControllerTest" time="0.002"/>
  <system-out><![CDATA[]]></system-out>
  <system-err><![CDATA[]]></system-err>
</testsuite>
