<?xml version="1.0" encoding="UTF-8"?>
<testsuite name="test.pivotal.pal.tracker.allocations.AllocationControllerTest" tests="3" skipped="0" failures="0" errors="0" timestamp="2020-04-03T04:14:53" hostname="RABODEVOPS-7s-MacBook-Pro.local" time="0.022">
  <properties/>
  <testcase name="testList" classname="test.pivotal.pal.tracker.allocations.AllocationControllerTest" time="0.012"/>
  <testcase name="testCreate" classname="test.pivotal.pal.tracker.allocations.AllocationControllerTest" time="0.008"/>
  <testcase name="testCreate_WhenProjectIsNotActive" classname="test.pivotal.pal.tracker.allocations.AllocationControllerTest" time="0.001"/>
  <system-out><![CDATA[]]></system-out>
  <system-err><![CDATA[]]></system-err>
</testsuite>
